modulesCore/shoppingview/build/intermediates/manifest_merge_blame_file/debug/processDebugManifest/manifest-merger-blame-debug-report.txt
1<?xml version="1.0" encoding="utf-8"?>
2<manifest xmlns:android="http://schemas.android.com/apk/res/android"
3    package="com.example.module.shoppingview" >
4
5    <uses-sdk android:minSdkVersion="28" />
6
7    <uses-permission android:name="android.permission.INTERNET" />
7-->src\main\AndroidManifest.xml:4:5-67
7-->src\main\AndroidManifest.xml:4:22-64
8
9    <application>
9-->src\main\AndroidManifest.xml:6:5-15:19
10        <activity
10-->src\main\AndroidManifest.xml:7:9-10:20
11            android:name="com.example.module.shoppingview.view.ShoppingActivity"
11-->src\main\AndroidManifest.xml:8:13-50
12            android:exported="true" >
12-->src\main\AndroidManifest.xml:9:13-36
13        </activity>
14        <activity
14-->src\main\AndroidManifest.xml:11:9-14:20
15            android:name="com.example.module.shoppingview.view.CommodityActivity"
15-->src\main\AndroidManifest.xml:12:13-51
16            android:exported="true" >
16-->src\main\AndroidManifest.xml:13:13-36
17        </activity>
18    </application>
19
20</manifest>